<?xml version="1.0" encoding="UTF-8"?>
<testng-results skipped="0" failed="1" total="1" passed="0">
  <reporter-output>
  </reporter-output>
  <suite name="Default suite" duration-ms="4681" started-at="2021-02-25T15:15:06Z" finished-at="2021-02-25T15:15:11Z">
    <groups>
    </groups>
    <test name="Default test" duration-ms="4681" started-at="2021-02-25T15:15:06Z" finished-at="2021-02-25T15:15:11Z">
      <class name="seleniumgenc.SeleniumPracticeTekstacShopifyTests">
        <test-method status="PASS" signature="beforeTest()[pri:0, instance:seleniumgenc.SeleniumPracticeTekstacShopifyTests@31a5c39e]" name="beforeTest" is-config="true" duration-ms="338" started-at="2021-02-25T09:15:06Z" finished-at="2021-02-25T09:15:07Z">
          <reporter-output>
          </reporter-output>
        </test-method> <!-- beforeTest -->
        <test-method status="PASS" signature="beforeMethod()[pri:0, instance:seleniumgenc.SeleniumPracticeTekstacShopifyTests@31a5c39e]" name="beforeMethod" is-config="true" duration-ms="3812" started-at="2021-02-25T09:15:07Z" finished-at="2021-02-25T09:15:11Z">
          <reporter-output>
          </reporter-output>
        </test-method> <!-- beforeMethod -->
        <test-method status="FAIL" signature="testingApachePOIExcel()[pri:0, instance:seleniumgenc.SeleniumPracticeTekstacShopifyTests@31a5c39e]" name="testingApachePOIExcel" duration-ms="430" started-at="2021-02-25T09:15:11Z" finished-at="2021-02-25T09:15:11Z">
          <exception class="java.lang.AssertionError">
            <message>
              <![CDATA[expected [] but found [Gadget]]]>
            </message>
            <full-stacktrace>
              <![CDATA[java.lang.AssertionError: expected [] but found [Gadget]
	at org.testng.Assert.fail(Assert.java:94)
	at org.testng.Assert.failNotEquals(Assert.java:494)
	at org.testng.Assert.assertEquals(Assert.java:123)
	at org.testng.Assert.assertEquals(Assert.java:176)
	at org.testng.Assert.assertEquals(Assert.java:186)
	at seleniumgenc.SeleniumPracticeTekstacShopifyTests.testingApachePOIExcel(SeleniumPracticeTekstacShopifyTests.java:91)
	at sun.reflect.NativeMethodAccessorImpl.invoke0(Native Method)
	at sun.reflect.NativeMethodAccessorImpl.invoke(NativeMethodAccessorImpl.java:62)
	at sun.reflect.DelegatingMethodAccessorImpl.invoke(DelegatingMethodAccessorImpl.java:43)
	at java.lang.reflect.Method.invoke(Method.java:498)
	at org.testng.internal.MethodInvocationHelper.invokeMethod(MethodInvocationHelper.java:80)
	at org.testng.internal.Invoker.invokeMethod(Invoker.java:714)
	at org.testng.internal.Invoker.invokeTestMethod(Invoker.java:901)
	at org.testng.internal.Invoker.invokeTestMethods(Invoker.java:1231)
	at org.testng.internal.TestMethodWorker.invokeTestMethods(TestMethodWorker.java:127)
	at org.testng.internal.TestMethodWorker.run(TestMethodWorker.java:111)
	at org.testng.TestRunner.privateRun(TestRunner.java:767)
	at org.testng.TestRunner.run(TestRunner.java:617)
	at org.testng.SuiteRunner.runTest(SuiteRunner.java:334)
	at org.testng.SuiteRunner.runSequentially(SuiteRunner.java:329)
	at org.testng.SuiteRunner.privateRun(SuiteRunner.java:291)
	at org.testng.SuiteRunner.run(SuiteRunner.java:240)
	at org.testng.SuiteRunnerWorker.runSuite(SuiteRunnerWorker.java:52)
	at org.testng.SuiteRunnerWorker.run(SuiteRunnerWorker.java:86)
	at org.testng.TestNG.runSuitesSequentially(TestNG.java:1198)
	at org.testng.TestNG.runSuitesLocally(TestNG.java:1123)
	at org.testng.TestNG.run(TestNG.java:1031)
	at org.testng.remote.AbstractRemoteTestNG.run(AbstractRemoteTestNG.java:132)
	at org.testng.remote.RemoteTestNG.initAndRun(RemoteTestNG.java:230)
	at org.testng.remote.RemoteTestNG.main(RemoteTestNG.java:76)
]]>
            </full-stacktrace>
          </exception> <!-- java.lang.AssertionError -->
          <reporter-output>
          </reporter-output>
        </test-method> <!-- testingApachePOIExcel -->
        <test-method status="PASS" signature="afterTest()[pri:0, instance:seleniumgenc.SeleniumPracticeTekstacShopifyTests@31a5c39e]" name="afterTest" is-config="true" duration-ms="92" started-at="2021-02-25T09:15:11Z" finished-at="2021-02-25T09:15:11Z">
          <reporter-output>
          </reporter-output>
        </test-method> <!-- afterTest -->
      </class> <!-- seleniumgenc.SeleniumPracticeTekstacShopifyTests -->
    </test> <!-- Default test -->
  </suite> <!-- Default suite -->
</testng-results>
